#-----------------------------------------------------------
# Vivado v2014.4 (64-bit)
# SW Build 1071353 on Tue Nov 18 18:24:04 MST 2014
# IP Build 1070531 on Tue Nov 18 01:10:18 MST 2014
# Start of session at: Mon Apr 06 11:29:26 2015
# Process ID: 3420
# Log file: C:/Comp541Projects/Lab10/vivado.log
# Journal file: C:/Comp541Projects/Lab10\vivado.jou
#-----------------------------------------------------------
start_gui
open_project C:/Comp541Projects/Lab10/Lab10.xpr
Scanning sources...
Finished scanning sources
INFO: [IP_Flow 19-234] Refreshing IP repositories
INFO: [IP_Flow 19-1704] No user IP repositories specified
INFO: [IP_Flow 19-2313] Loaded Vivado IP repository 'C:/Xilinx/Vivado/2014.4/data/ip'.
open_project: Time (s): cpu = 00:00:14 ; elapsed = 00:00:06 . Memory (MB): peak = 700.906 ; gain = 153.957
update_compile_order -fileset sources_1
launch_simulation
INFO: [USF-XSim-27] Simulation object is 'sim_1'
INFO: [USF-XSim-37] Inspecting design source files for 'mips_test_sqr' in fileset 'sim_1'...
INFO: [USF-XSim-66] Exported 'C:/Comp541Projects/Lab10/Lab10.srcs/sources_1/imports/Lab10/sqr_dmem.txt'
INFO: [USF-XSim-66] Exported 'C:/Comp541Projects/Lab10/Lab10.srcs/sources_1/imports/Lab10/sqr_imem.txt'
INFO: [USF-XSim-97] Finding global include files...
INFO: [USF-XSim-98] Fetching design files from 'sim_1'...
INFO: [USF-XSim-2] XSim::Compile design
INFO: [USF-XSim-61] Executing 'COMPILE' step in 'C:/Comp541Projects/Lab10/Lab10.sim/sim_1/behav'
"xvlog -m64 -prj mips_test_sqr_vlog.prj"
Determining compilation order of HDL files.
INFO: [VRFC 10-2263] Analyzing Verilog file "C:/Comp541Projects/Lab10/Lab10.srcs/sources_1/imports/sources_1/imports/new/fulladder.v" into library xil_defaultlib
INFO: [VRFC 10-311] analyzing module fulladder
INFO: [VRFC 10-2263] Analyzing Verilog file "C:/Comp541Projects/Lab10/Lab10.srcs/sources_1/imports/sources_1/new/adder.v" into library xil_defaultlib
INFO: [VRFC 10-311] analyzing module adder
INFO: [VRFC 10-2263] Analyzing Verilog file "C:/Comp541Projects/Lab10/Lab10.srcs/sources_1/imports/sources_1/imports/Lab_3/shifter.v" into library xil_defaultlib
INFO: [VRFC 10-311] analyzing module shifter
INFO: [VRFC 10-2263] Analyzing Verilog file "C:/Comp541Projects/Lab10/Lab10.srcs/sources_1/imports/sources_1/imports/Lab_3/logical.v" into library xil_defaultlib
INFO: [VRFC 10-311] analyzing module logical
INFO: [VRFC 10-2263] Analyzing Verilog file "C:/Comp541Projects/Lab10/Lab10.srcs/sources_1/imports/sources_1/imports/Lab_3/comparator.v" into library xil_defaultlib
INFO: [VRFC 10-311] analyzing module comparator
INFO: [VRFC 10-2263] Analyzing Verilog file "C:/Comp541Projects/Lab10/Lab10.srcs/sources_1/imports/sources_1/new/addsub.v" into library xil_defaultlib
INFO: [VRFC 10-311] analyzing module addsub
INFO: [VRFC 10-2263] Analyzing Verilog file "C:/Comp541Projects/Lab10/Lab10.srcs/sources_1/imports/sources_1/imports/Lab_3/ALU.v" into library xil_defaultlib
INFO: [VRFC 10-311] analyzing module ALU
INFO: [VRFC 10-2263] Analyzing SystemVerilog file "C:/Comp541Projects/Lab10/Lab10.srcs/sources_1/imports/new/register_file.sv" into library xil_defaultlib
INFO: [VRFC 10-311] analyzing module register_file
INFO: [VRFC 10-2263] Analyzing SystemVerilog file "C:/Comp541Projects/Lab10/Lab10.srcs/sources_1/imports/new/datapath.v" into library xil_defaultlib
INFO: [VRFC 10-311] analyzing module datapath
INFO: [VRFC 10-2263] Analyzing SystemVerilog file "C:/Comp541Projects/Lab10/Lab10.srcs/sources_1/new/controller.sv" into library xil_defaultlib
INFO: [VRFC 10-311] analyzing module controller
INFO: [VRFC 10-2263] Analyzing SystemVerilog file "C:/Comp541Projects/Lab10/Lab10.srcs/sources_1/new/imem.sv" into library xil_defaultlib
INFO: [VRFC 10-311] analyzing module imem
WARNING: [VRFC 10-937] initial value of parameter imem_init is omitted [C:/Comp541Projects/Lab10/Lab10.srcs/sources_1/new/imem.sv:7]
INFO: [VRFC 10-2263] Analyzing SystemVerilog file "C:/Comp541Projects/Lab10/Lab10.srcs/sources_1/new/dmem.sv" into library xil_defaultlib
INFO: [VRFC 10-311] analyzing module dmem
WARNING: [VRFC 10-937] initial value of parameter dmem_init is omitted [C:/Comp541Projects/Lab10/Lab10.srcs/sources_1/new/dmem.sv:7]
INFO: [VRFC 10-2263] Analyzing SystemVerilog file "C:/Comp541Projects/Lab10/Lab10.srcs/sources_1/new/mips.sv" into library xil_defaultlib
INFO: [VRFC 10-311] analyzing module mips
INFO: [VRFC 10-2263] Analyzing SystemVerilog file "C:/Comp541Projects/Lab10/Lab10.srcs/sources_1/new/top.sv" into library xil_defaultlib
INFO: [VRFC 10-311] analyzing module top
INFO: [VRFC 10-2263] Analyzing Verilog file "C:/Comp541Projects/Lab10/Lab10.srcs/sim_1/new/Lab10_test_sqr.v" into library xil_defaultlib
INFO: [VRFC 10-311] analyzing module mips_test_sqr
WARNING: [VRFC 10-756] identifier ERROR_pc is used before its declaration [C:/Comp541Projects/Lab10/Lab10.srcs/sim_1/new/Lab10_test_sqr.v:125]
WARNING: [VRFC 10-756] identifier ERROR_mem_writedata is used before its declaration [C:/Comp541Projects/Lab10/Lab10.srcs/sim_1/new/Lab10_test_sqr.v:126]
WARNING: [VRFC 10-756] identifier ERROR_ReadData1 is used before its declaration [C:/Comp541Projects/Lab10/Lab10.srcs/sim_1/new/Lab10_test_sqr.v:127]
WARNING: [VRFC 10-756] identifier ERROR_reg_writedata is used before its declaration [C:/Comp541Projects/Lab10/Lab10.srcs/sim_1/new/Lab10_test_sqr.v:128]
WARNING: [VRFC 10-756] identifier ERROR_pcsel is used before its declaration [C:/Comp541Projects/Lab10/Lab10.srcs/sim_1/new/Lab10_test_sqr.v:129]
INFO: [VRFC 10-311] analyzing module selfcheck
INFO: [VRFC 10-311] analyzing module old_selfcheck
INFO: [VRFC 10-2263] Analyzing Verilog file "C:/Comp541Projects/Lab10/Lab10.sim/sim_1/behav/glbl.v" into library xil_defaultlib
INFO: [VRFC 10-311] analyzing module glbl
INFO: [USF-XSim-3] XSim::Elaborate design
INFO: [USF-XSim-61] Executing 'ELABORATE' step in 'C:/Comp541Projects/Lab10/Lab10.sim/sim_1/behav'
Vivado Simulator 2014.4
Copyright 1986-1999, 2001-2014 Xilinx, Inc. All Rights Reserved.
Running: C:/Xilinx/Vivado/2014.4/bin/unwrapped/win64.o/xelab.exe -wto 125f64f5cf3045428116802f54d4e8ec --debug typical --relax -L xil_defaultlib -L unisims_ver -L unimacro_ver -L secureip --snapshot mips_test_sqr_behav xil_defaultlib.mips_test_sqr xil_defaultlib.glbl -log elaborate.log 
Multi-threading is on. Using 2 slave threads.
Starting static elaboration
Completed static elaboration
Starting simulation data flow analysis
Completed simulation data flow analysis
Time Resolution for simulation is 1ps
Compiling module xil_defaultlib.controller
Compiling module xil_defaultlib.register_file
Compiling module xil_defaultlib.fulladder
Compiling module xil_defaultlib.adder(N=32)
Compiling module xil_defaultlib.addsub
Compiling module xil_defaultlib.addsub(N=32)
Compiling module xil_defaultlib.shifter(N=32)
Compiling module xil_defaultlib.logical(N=32)
Compiling module xil_defaultlib.comparator
Compiling module xil_defaultlib.ALU
Compiling module xil_defaultlib.datapath
Compiling module xil_defaultlib.mips
Compiling module xil_defaultlib.imem(imem_init="sqr_imem.txt")
Compiling module xil_defaultlib.dmem(dmem_init="sqr_dmem.txt")
Compiling module xil_defaultlib.top
Compiling module xil_defaultlib.selfcheck
Compiling module xil_defaultlib.mips_test_sqr
Compiling module xil_defaultlib.glbl
Waiting for 2 sub-compilation(s) to finish...
Built simulation snapshot mips_test_sqr_behav

****** Webtalk v2014.4 (64-bit)
  **** SW Build 1071353 on Tue Nov 18 18:24:04 MST 2014
  **** IP Build 1070531 on Tue Nov 18 01:10:18 MST 2014
    ** Copyright 1986-2014 Xilinx, Inc. All Rights Reserved.

source C:/Comp541Projects/Lab10/Lab10.sim/sim_1/behav/xsim.dir/mips_test_sqr_behav/webtalk/xsim_webtalk.tcl -notrace
INFO: [Common 17-186] 'C:/Comp541Projects/Lab10/Lab10.sim/sim_1/behav/xsim.dir/mips_test_sqr_behav/webtalk/usage_statistics_ext_xsim.xml' has been successfully sent to Xilinx on Mon Apr 06 11:29:56 2015. For additional details about this file, please refer to the WebTalk help file at C:/Xilinx/Vivado/2014.4/doc/webtalk_introduction.html.
INFO: [Common 17-206] Exiting Webtalk at Mon Apr 06 11:29:56 2015...
run_program: Time (s): cpu = 00:00:02 ; elapsed = 00:00:11 . Memory (MB): peak = 702.070 ; gain = 0.000
INFO: [USF-XSim-4] XSim::Simulate design
INFO: [USF-XSim-61] Executing 'SIMULATE' step in 'C:/Comp541Projects/Lab10/Lab10.sim/sim_1/behav'
INFO: [USF-XSim-98] *** Running xsim
   with args "mips_test_sqr_behav -key {Behavioral:sim_1:Functional:mips_test_sqr} -tclbatch {mips_test_sqr.tcl} -log {simulate.log}"
INFO: [USF-XSim-8] Loading simulator feature
Vivado Simulator 2014.4
Time resolution is 1 ps
open_wave_config {C:/Comp541Projects/Lab10\mips_test_sqr_behav.wcfg}
source mips_test_sqr.tcl
# set curr_wave [current_wave_config]
# if { [string length $curr_wave] == 0 } {
#   if { [llength [get_objects]] > 0} {
#     add_wave /
#     set_property needs_save false [current_wave_config]
#   } else {
#      send_msg_id Add_Wave-1 WARNING "No top level signals found. Simulator will start without a wave window. If you want to open a wave window go to 'File->New Waveform Configuration' or type 'create_wave_config' in the TCL console."
#   }
# }
# run 1000ns
#00 {pc, instr, mem_addr, mem_wr, mem_readdata, mem_writedata, werf, alufn, Z, ReadData1, ReadData2, alu_result, reg_writeaddr, reg_writedata, signImm, aluA, aluB, pcsel, wasel, sext, bsel, wdsel, wr, asel} <= {32'h00000000, 32'h201d003c, 32'h0000003c, 1'b0, 32'hxxxxxxxx, 32'hxxxxxxxx, 1'b1, 5'b0xx01, 1'b0, 32'h00000000, 32'hxxxxxxxx, 32'h0000003c, 5'h1d, 32'h0000003c, 32'h0000003c, 32'h00000000, 32'h0000003c, 2'b00, 2'b01, 1'b1, 1'b1, 2'b01, 1'b0, 2'b00};
#01 {pc, instr, mem_addr, mem_wr, mem_readdata, mem_writedata, werf, alufn, Z, ReadData1, ReadData2, alu_result, reg_writeaddr, reg_writedata, signImm, aluA, aluB, pcsel, wasel, sext, bsel, wdsel, wr, asel} <= {32'h00000004, 32'h8c040004, 32'h00000004, 1'b0, 32'h00000003, 32'hxxxxxxxx, 1'b1, 5'b0xx01, 1'b0, 32'h00000000, 32'hxxxxxxxx, 32'h00000004, 5'h04, 32'h00000003, 32'h00000004, 32'h00000000, 32'h00000004, 2'b00, 2'b01, 1'b1, 1'b1, 2'b10, 1'b0, 2'b00};
#02 {pc, instr, mem_addr, mem_wr, mem_readdata, mem_writedata, werf, alufn, Z, ReadData1, ReadData2, alu_result, reg_writeaddr, reg_writedata, signImm, aluA, aluB, pcsel, wasel, sext, bsel, wdsel, wr, asel} <= {32'h00000008, 32'h0c000005, 32'hxxxxxxxx, 1'b0, 32'hxxxxxxxx, 32'h00000000, 1'b1, 5'bxxxxx, 1'bx, 32'h00000000, 32'h00000000, 32'hxxxxxxxx, 5'h1f, 32'h0000000c, 32'h00000005, 32'h000000X0, 32'h0000000X, 2'b10, 2'b10, 1'bx, 1'bx, 2'b00, 1'b0, 2'bxx};
#03 {pc, instr, mem_addr, mem_wr, mem_readdata, mem_writedata, werf, alufn, Z, ReadData1, ReadData2, alu_result, reg_writeaddr, reg_writedata, signImm, aluA, aluB, pcsel, wasel, sext, bsel, wdsel, wr, asel} <= {32'h00000014, 32'h23bdfff8, 32'h00000034, 1'b0, 32'hxxxxxxxx, 32'h0000003c, 1'b1, 5'b0xx01, 1'b0, 32'h0000003c, 32'h0000003c, 32'h00000034, 5'h1d, 32'h00000034, 32'hfffffff8, 32'h0000003c, 32'hfffffff8, 2'b00, 2'b01, 1'b1, 1'b1, 2'b01, 1'b0, 2'b00};
#04 {pc, instr, mem_addr, mem_wr, mem_readdata, mem_writedata, werf, alufn, Z, ReadData1, ReadData2, alu_result, reg_writeaddr, reg_writedata, signImm, aluA, aluB, pcsel, wasel, sext, bsel, wdsel, wr, asel} <= {32'h00000018, 32'hafbf0004, 32'h00000038, 1'b1, 32'hxxxxxxxx, 32'h0000000c, 1'b0, 5'b0xx01, 1'b0, 32'h00000034, 32'h0000000c, 32'h00000038, 5'hxx, 32'hxxxxxxxx, 32'h00000004, 32'h00000034, 32'h00000004, 2'b00, 2'bxx, 1'b1, 1'b1, 2'bxx, 1'b1, 2'b00};
#05 {pc, instr, mem_addr, mem_wr, mem_readdata, mem_writedata, werf, alufn, Z, ReadData1, ReadData2, alu_result, reg_writeaddr, reg_writedata, signImm, aluA, aluB, pcsel, wasel, sext, bsel, wdsel, wr, asel} <= {32'h0000001c, 32'hafa40000, 32'h00000034, 1'b1, 32'hxxxxxxxx, 32'h00000003, 1'b0, 5'b0xx01, 1'b0, 32'h00000034, 32'h00000003, 32'h00000034, 5'hxx, 32'hxxxxxxxx, 32'h00000000, 32'h00000034, 32'h00000000, 2'b00, 2'bxx, 1'b1, 1'b1, 2'bxx, 1'b1, 2'b00};
#06 {pc, instr, mem_addr, mem_wr, mem_readdata, mem_writedata, werf, alufn, Z, ReadData1, ReadData2, alu_result, reg_writeaddr, reg_writedata, signImm, aluA, aluB, pcsel, wasel, sext, bsel, wdsel, wr, asel} <= {32'h00000020, 32'h28880002, 32'h00000000, 1'b0, 32'h00000000, 32'hxxxxxxxx, 1'b1, 5'b1x011, 1'b1, 32'h00000003, 32'hxxxxxxxx, 32'h00000000, 5'h08, 32'h00000000, 32'h00000002, 32'h00000003, 32'h00000002, 2'b00, 2'b01, 1'b1, 1'b1, 2'b01, 1'b0, 2'b00};
#07 {pc, instr, mem_addr, mem_wr, mem_readdata, mem_writedata, werf, alufn, Z, ReadData1, ReadData2, alu_result, reg_writeaddr, reg_writedata, signImm, aluA, aluB, pcsel, wasel, sext, bsel, wdsel, wr, asel} <= {32'h00000024, 32'h11000002, 32'h00000000, 1'b0, 32'h00000000, 32'h00000000, 1'b0, 5'b1xx01, 1'b1, 32'h00000000, 32'h00000000, 32'h00000000, 5'hxx, 32'h000000XX, 32'h00000002, 32'h00000000, 32'h00000000, 2'b01, 2'bxx, 1'b1, 1'b0, 2'bxx, 1'b0, 2'b00};
#08 {pc, instr, mem_addr, mem_wr, mem_readdata, mem_writedata, werf, alufn, Z, ReadData1, ReadData2, alu_result, reg_writeaddr, reg_writedata, signImm, aluA, aluB, pcsel, wasel, sext, bsel, wdsel, wr, asel} <= {32'h00000030, 32'h2084ffff, 32'h00000002, 1'b0, 32'h00000000, 32'h00000003, 1'b1, 5'b0xx01, 1'b0, 32'h00000003, 32'h00000003, 32'h00000002, 5'h04, 32'h00000002, 32'hffffffff, 32'h00000003, 32'hffffffff, 2'b00, 2'b01, 1'b1, 1'b1, 2'b01, 1'b0, 2'b00};
#09 {pc, instr, mem_addr, mem_wr, mem_readdata, mem_writedata, werf, alufn, Z, ReadData1, ReadData2, alu_result, reg_writeaddr, reg_writedata, signImm, aluA, aluB, pcsel, wasel, sext, bsel, wdsel, wr, asel} <= {32'h00000034, 32'h0c000005, 32'hxxxxxxxx, 1'b0, 32'hxxxxxxxx, 32'h00000000, 1'b1, 5'bxxxxx, 1'bx, 32'h00000000, 32'h00000000, 32'hxxxxxxxx, 5'h1f, 32'h00000038, 32'h00000005, 32'h000000X0, 32'h0000000X, 2'b10, 2'b10, 1'bx, 1'bx, 2'b00, 1'b0, 2'bxx};
#10 {pc, instr, mem_addr, mem_wr, mem_readdata, mem_writedata, werf, alufn, Z, ReadData1, ReadData2, alu_result, reg_writeaddr, reg_writedata, signImm, aluA, aluB, pcsel, wasel, sext, bsel, wdsel, wr, asel} <= {32'h00000014, 32'h23bdfff8, 32'h0000002c, 1'b0, 32'hxxxxxxxx, 32'h00000034, 1'b1, 5'b0xx01, 1'b0, 32'h00000034, 32'h00000034, 32'h0000002c, 5'h1d, 32'h0000002c, 32'hfffffff8, 32'h00000034, 32'hfffffff8, 2'b00, 2'b01, 1'b1, 1'b1, 2'b01, 1'b0, 2'b00};
#11 {pc, instr, mem_addr, mem_wr, mem_readdata, mem_writedata, werf, alufn, Z, ReadData1, ReadData2, alu_result, reg_writeaddr, reg_writedata, signImm, aluA, aluB, pcsel, wasel, sext, bsel, wdsel, wr, asel} <= {32'h00000018, 32'hafbf0004, 32'h00000030, 1'b1, 32'hxxxxxxxx, 32'h00000038, 1'b0, 5'b0xx01, 1'b0, 32'h0000002c, 32'h00000038, 32'h00000030, 5'hxx, 32'hxxxxxxxx, 32'h00000004, 32'h0000002c, 32'h00000004, 2'b00, 2'bxx, 1'b1, 1'b1, 2'bxx, 1'b1, 2'b00};
#12 {pc, instr, mem_addr, mem_wr, mem_readdata, mem_writedata, werf, alufn, Z, ReadData1, ReadData2, alu_result, reg_writeaddr, reg_writedata, signImm, aluA, aluB, pcsel, wasel, sext, bsel, wdsel, wr, asel} <= {32'h0000001c, 32'hafa40000, 32'h0000002c, 1'b1, 32'hxxxxxxxx, 32'h00000002, 1'b0, 5'b0xx01, 1'b0, 32'h0000002c, 32'h00000002, 32'h0000002c, 5'hxx, 32'hxxxxxxxx, 32'h00000000, 32'h0000002c, 32'h00000000, 2'b00, 2'bxx, 1'b1, 1'b1, 2'bxx, 1'b1, 2'b00};
#13 {pc, instr, mem_addr, mem_wr, mem_readdata, mem_writedata, werf, alufn, Z, ReadData1, ReadData2, alu_result, reg_writeaddr, reg_writedata, signImm, aluA, aluB, pcsel, wasel, sext, bsel, wdsel, wr, asel} <= {32'h00000020, 32'h28880002, 32'h00000000, 1'b0, 32'h00000000, 32'h00000000, 1'b1, 5'b1x011, 1'b1, 32'h00000002, 32'h00000000, 32'h00000000, 5'h08, 32'h00000000, 32'h00000002, 32'h00000002, 32'h00000002, 2'b00, 2'b01, 1'b1, 1'b1, 2'b01, 1'b0, 2'b00};
#14 {pc, instr, mem_addr, mem_wr, mem_readdata, mem_writedata, werf, alufn, Z, ReadData1, ReadData2, alu_result, reg_writeaddr, reg_writedata, signImm, aluA, aluB, pcsel, wasel, sext, bsel, wdsel, wr, asel} <= {32'h00000024, 32'h11000002, 32'h00000000, 1'b0, 32'h00000000, 32'h00000000, 1'b0, 5'b1xx01, 1'b1, 32'h00000000, 32'h00000000, 32'h00000000, 5'hxx, 32'h000000XX, 32'h00000002, 32'h00000000, 32'h00000000, 2'b01, 2'bxx, 1'b1, 1'b0, 2'bxx, 1'b0, 2'b00};
#15 {pc, instr, mem_addr, mem_wr, mem_readdata, mem_writedata, werf, alufn, Z, ReadData1, ReadData2, alu_result, reg_writeaddr, reg_writedata, signImm, aluA, aluB, pcsel, wasel, sext, bsel, wdsel, wr, asel} <= {32'h00000030, 32'h2084ffff, 32'h00000001, 1'b0, 32'h00000000, 32'h00000002, 1'b1, 5'b0xx01, 1'b0, 32'h00000002, 32'h00000002, 32'h00000001, 5'h04, 32'h00000001, 32'hffffffff, 32'h00000002, 32'hffffffff, 2'b00, 2'b01, 1'b1, 1'b1, 2'b01, 1'b0, 2'b00};
#16 {pc, instr, mem_addr, mem_wr, mem_readdata, mem_writedata, werf, alufn, Z, ReadData1, ReadData2, alu_result, reg_writeaddr, reg_writedata, signImm, aluA, aluB, pcsel, wasel, sext, bsel, wdsel, wr, asel} <= {32'h00000034, 32'h0c000005, 32'hxxxxxxxx, 1'b0, 32'hxxxxxxxx, 32'h00000000, 1'b1, 5'bxxxxx, 1'bx, 32'h00000000, 32'h00000000, 32'hxxxxxxxx, 5'h1f, 32'h00000038, 32'h00000005, 32'h000000X0, 32'h0000000X, 2'b10, 2'b10, 1'bx, 1'bx, 2'b00, 1'b0, 2'bxx};
#17 {pc, instr, mem_addr, mem_wr, mem_readdata, mem_writedata, werf, alufn, Z, ReadData1, ReadData2, alu_result, reg_writeaddr, reg_writedata, signImm, aluA, aluB, pcsel, wasel, sext, bsel, wdsel, wr, asel} <= {32'h00000014, 32'h23bdfff8, 32'h00000024, 1'b0, 32'hxxxxxxxx, 32'h0000002c, 1'b1, 5'b0xx01, 1'b0, 32'h0000002c, 32'h0000002c, 32'h00000024, 5'h1d, 32'h00000024, 32'hfffffff8, 32'h0000002c, 32'hfffffff8, 2'b00, 2'b01, 1'b1, 1'b1, 2'b01, 1'b0, 2'b00};
#18 {pc, instr, mem_addr, mem_wr, mem_readdata, mem_writedata, werf, alufn, Z, ReadData1, ReadData2, alu_result, reg_writeaddr, reg_writedata, signImm, aluA, aluB, pcsel, wasel, sext, bsel, wdsel, wr, asel} <= {32'h00000018, 32'hafbf0004, 32'h00000028, 1'b1, 32'hxxxxxxxx, 32'h00000038, 1'b0, 5'b0xx01, 1'b0, 32'h00000024, 32'h00000038, 32'h00000028, 5'hxx, 32'hxxxxxxxx, 32'h00000004, 32'h00000024, 32'h00000004, 2'b00, 2'bxx, 1'b1, 1'b1, 2'bxx, 1'b1, 2'b00};
#19 {pc, instr, mem_addr, mem_wr, mem_readdata, mem_writedata, werf, alufn, Z, ReadData1, ReadData2, alu_result, reg_writeaddr, reg_writedata, signImm, aluA, aluB, pcsel, wasel, sext, bsel, wdsel, wr, asel} <= {32'h0000001c, 32'hafa40000, 32'h00000024, 1'b1, 32'hxxxxxxxx, 32'h00000001, 1'b0, 5'b0xx01, 1'b0, 32'h00000024, 32'h00000001, 32'h00000024, 5'hxx, 32'hxxxxxxxx, 32'h00000000, 32'h00000024, 32'h00000000, 2'b00, 2'bxx, 1'b1, 1'b1, 2'bxx, 1'b1, 2'b00};
#20 {pc, instr, mem_addr, mem_wr, mem_readdata, mem_writedata, werf, alufn, Z, ReadData1, ReadData2, alu_result, reg_writeaddr, reg_writedata, signImm, aluA, aluB, pcsel, wasel, sext, bsel, wdsel, wr, asel} <= {32'h00000020, 32'h28880002, 32'h00000001, 1'b0, 32'h00000000, 32'h00000000, 1'b1, 5'b1x011, 1'b0, 32'h00000001, 32'h00000000, 32'h00000001, 5'h08, 32'h00000001, 32'h00000002, 32'h00000001, 32'h00000002, 2'b00, 2'b01, 1'b1, 1'b1, 2'b01, 1'b0, 2'b00};
#21 {pc, instr, mem_addr, mem_wr, mem_readdata, mem_writedata, werf, alufn, Z, ReadData1, ReadData2, alu_result, reg_writeaddr, reg_writedata, signImm, aluA, aluB, pcsel, wasel, sext, bsel, wdsel, wr, asel} <= {32'h00000024, 32'h11000002, 32'h00000001, 1'b0, 32'h00000000, 32'h00000000, 1'b0, 5'b1xx01, 1'b0, 32'h00000001, 32'h00000000, 32'h00000001, 5'hxx, 32'h000000XX, 32'h00000002, 32'h00000001, 32'h00000000, 2'b00, 2'bxx, 1'b1, 1'b0, 2'bxx, 1'b0, 2'b00};
#22 {pc, instr, mem_addr, mem_wr, mem_readdata, mem_writedata, werf, alufn, Z, ReadData1, ReadData2, alu_result, reg_writeaddr, reg_writedata, signImm, aluA, aluB, pcsel, wasel, sext, bsel, wdsel, wr, asel} <= {32'h00000028, 32'h00041020, 32'h00000001, 1'b0, 32'h00000000, 32'h00000001, 1'b1, 5'b0xx01, 1'b0, 32'h00000000, 32'h00000001, 32'h00000001, 5'h02, 32'h00000001, 32'h00001020, 32'h00000000, 32'h00000001, 2'b00, 2'b00, 1'b1, 1'b0, 2'b01, 1'b0, 2'b00};
#23 {pc, instr, mem_addr, mem_wr, mem_readdata, mem_writedata, werf, alufn, Z, ReadData1, ReadData2, alu_result, reg_writeaddr, reg_writedata, signImm, aluA, aluB, pcsel, wasel, sext, bsel, wdsel, wr, asel} <= {32'h0000002c, 32'h08000012, 32'h000000X0, 1'b0, 32'hxxxxxxxx, 32'h00000000, 1'b0, 5'bx0000, 1'bx, 32'h00000000, 32'h00000000, 32'h000000X0, 5'h1f, 32'h00000030, 32'h00000012, 32'h000000X0, 32'h000000XX, 2'b10, 2'b10, 1'bx, 1'bx, 2'b00, 1'b0, 2'bxx};
#24 {pc, instr, mem_addr, mem_wr, mem_readdata, mem_writedata, werf, alufn, Z, ReadData1, ReadData2, alu_result, reg_writeaddr, reg_writedata, signImm, aluA, aluB, pcsel, wasel, sext, bsel, wdsel, wr, asel} <= {32'h00000048, 32'h8fbf0004, 32'h00000028, 1'b0, 32'h00000038, 32'h00000038, 1'b1, 5'b0xx01, 1'b0, 32'h00000024, 32'h00000038, 32'h00000028, 5'h1f, 32'h00000038, 32'h00000004, 32'h00000024, 32'h00000004, 2'b00, 2'b01, 1'b1, 1'b1, 2'b10, 1'b0, 2'b00};
#25 {pc, instr, mem_addr, mem_wr, mem_readdata, mem_writedata, werf, alufn, Z, ReadData1, ReadData2, alu_result, reg_writeaddr, reg_writedata, signImm, aluA, aluB, pcsel, wasel, sext, bsel, wdsel, wr, asel} <= {32'h0000004c, 32'h23bd0008, 32'h0000002c, 1'b0, 32'h00000002, 32'h00000024, 1'b1, 5'b0xx01, 1'b0, 32'h00000024, 32'h00000024, 32'h0000002c, 5'h1d, 32'h0000002c, 32'h00000008, 32'h00000024, 32'h00000008, 2'b00, 2'b01, 1'b1, 1'b1, 2'b01, 1'b0, 2'b00};
#26 {pc, instr, mem_addr, mem_wr, mem_readdata, mem_writedata, werf, alufn, Z, ReadData1, ReadData2, alu_result, reg_writeaddr, reg_writedata, signImm, aluA, aluB, pcsel, wasel, sext, bsel, wdsel, wr, asel} <= {32'h00000050, 32'h03e00008, 32'h00000008, 1'b0, 32'hxxxxxxxx, 32'h00000000, 1'b0, 5'bx0000, 1'b0, 32'h00000038, 32'h00000000, 32'h00000008, 5'hxx, 32'hxxxxxxxx, 32'h00000008, 32'h00000038, 32'h00000008, 2'b11, 2'bxx, 1'b1, 1'b1, 2'bxx, 1'b0, 2'b00};
#27 {pc, instr, mem_addr, mem_wr, mem_readdata, mem_writedata, werf, alufn, Z, ReadData1, ReadData2, alu_result, reg_writeaddr, reg_writedata, signImm, aluA, aluB, pcsel, wasel, sext, bsel, wdsel, wr, asel} <= {32'h00000038, 32'h8fa40000, 32'h0000002c, 1'b0, 32'h00000002, 32'h00000001, 1'b1, 5'b0xx01, 1'b0, 32'h0000002c, 32'h00000001, 32'h0000002c, 5'h04, 32'h00000002, 32'h00000000, 32'h0000002c, 32'h00000000, 2'b00, 2'b01, 1'b1, 1'b1, 2'b10, 1'b0, 2'b00};
#28 {pc, instr, mem_addr, mem_wr, mem_readdata, mem_writedata, werf, alufn, Z, ReadData1, ReadData2, alu_result, reg_writeaddr, reg_writedata, signImm, aluA, aluB, pcsel, wasel, sext, bsel, wdsel, wr, asel} <= {32'h0000003c, 32'h00441020, 32'h00000003, 1'b0, 32'h00000000, 32'h00000002, 1'b1, 5'b0xx01, 1'b0, 32'h00000001, 32'h00000002, 32'h00000003, 5'h02, 32'h00000003, 32'h00001020, 32'h00000001, 32'h00000002, 2'b00, 2'b00, 1'b1, 1'b0, 2'b01, 1'b0, 2'b00};
#29 {pc, instr, mem_addr, mem_wr, mem_readdata, mem_writedata, werf, alufn, Z, ReadData1, ReadData2, alu_result, reg_writeaddr, reg_writedata, signImm, aluA, aluB, pcsel, wasel, sext, bsel, wdsel, wr, asel} <= {32'h00000040, 32'h00441020, 32'h00000005, 1'b0, 32'h00000003, 32'h00000002, 1'b1, 5'b0xx01, 1'b0, 32'h00000003, 32'h00000002, 32'h00000005, 5'h02, 32'h00000005, 32'h00001020, 32'h00000003, 32'h00000002, 2'b00, 2'b00, 1'b1, 1'b0, 2'b01, 1'b0, 2'b00};
#30 {pc, instr, mem_addr, mem_wr, mem_readdata, mem_writedata, werf, alufn, Z, ReadData1, ReadData2, alu_result, reg_writeaddr, reg_writedata, signImm, aluA, aluB, pcsel, wasel, sext, bsel, wdsel, wr, asel} <= {32'h00000044, 32'h2042ffff, 32'h00000004, 1'b0, 32'h00000003, 32'h00000005, 1'b1, 5'b0xx01, 1'b0, 32'h00000005, 32'h00000005, 32'h00000004, 5'h02, 32'h00000004, 32'hffffffff, 32'h00000005, 32'hffffffff, 2'b00, 2'b01, 1'b1, 1'b1, 2'b01, 1'b0, 2'b00};
#31 {pc, instr, mem_addr, mem_wr, mem_readdata, mem_writedata, werf, alufn, Z, ReadData1, ReadData2, alu_result, reg_writeaddr, reg_writedata, signImm, aluA, aluB, pcsel, wasel, sext, bsel, wdsel, wr, asel} <= {32'h00000048, 32'h8fbf0004, 32'h00000030, 1'b0, 32'h00000038, 32'h00000038, 1'b1, 5'b0xx01, 1'b0, 32'h0000002c, 32'h00000038, 32'h00000030, 5'h1f, 32'h00000038, 32'h00000004, 32'h0000002c, 32'h00000004, 2'b00, 2'b01, 1'b1, 1'b1, 2'b10, 1'b0, 2'b00};
#32 {pc, instr, mem_addr, mem_wr, mem_readdata, mem_writedata, werf, alufn, Z, ReadData1, ReadData2, alu_result, reg_writeaddr, reg_writedata, signImm, aluA, aluB, pcsel, wasel, sext, bsel, wdsel, wr, asel} <= {32'h0000004c, 32'h23bd0008, 32'h00000034, 1'b0, 32'h00000003, 32'h0000002c, 1'b1, 5'b0xx01, 1'b0, 32'h0000002c, 32'h0000002c, 32'h00000034, 5'h1d, 32'h00000034, 32'h00000008, 32'h0000002c, 32'h00000008, 2'b00, 2'b01, 1'b1, 1'b1, 2'b01, 1'b0, 2'b00};
#33 {pc, instr, mem_addr, mem_wr, mem_readdata, mem_writedata, werf, alufn, Z, ReadData1, ReadData2, alu_result, reg_writeaddr, reg_writedata, signImm, aluA, aluB, pcsel, wasel, sext, bsel, wdsel, wr, asel} <= {32'h00000050, 32'h03e00008, 32'h00000008, 1'b0, 32'hxxxxxxxx, 32'h00000000, 1'b0, 5'bx0000, 1'b0, 32'h00000038, 32'h00000000, 32'h00000008, 5'hxx, 32'hxxxxxxxx, 32'h00000008, 32'h00000038, 32'h00000008, 2'b11, 2'bxx, 1'b1, 1'b1, 2'bxx, 1'b0, 2'b00};
#34 {pc, instr, mem_addr, mem_wr, mem_readdata, mem_writedata, werf, alufn, Z, ReadData1, ReadData2, alu_result, reg_writeaddr, reg_writedata, signImm, aluA, aluB, pcsel, wasel, sext, bsel, wdsel, wr, asel} <= {32'h00000038, 32'h8fa40000, 32'h00000034, 1'b0, 32'h00000003, 32'h00000002, 1'b1, 5'b0xx01, 1'b0, 32'h00000034, 32'h00000002, 32'h00000034, 5'h04, 32'h00000003, 32'h00000000, 32'h00000034, 32'h00000000, 2'b00, 2'b01, 1'b1, 1'b1, 2'b10, 1'b0, 2'b00};
#35 {pc, instr, mem_addr, mem_wr, mem_readdata, mem_writedata, werf, alufn, Z, ReadData1, ReadData2, alu_result, reg_writeaddr, reg_writedata, signImm, aluA, aluB, pcsel, wasel, sext, bsel, wdsel, wr, asel} <= {32'h0000003c, 32'h00441020, 32'h00000007, 1'b0, 32'h00000003, 32'h00000003, 1'b1, 5'b0xx01, 1'b0, 32'h00000004, 32'h00000003, 32'h00000007, 5'h02, 32'h00000007, 32'h00001020, 32'h00000004, 32'h00000003, 2'b00, 2'b00, 1'b1, 1'b0, 2'b01, 1'b0, 2'b00};
#36 {pc, instr, mem_addr, mem_wr, mem_readdata, mem_writedata, werf, alufn, Z, ReadData1, ReadData2, alu_result, reg_writeaddr, reg_writedata, signImm, aluA, aluB, pcsel, wasel, sext, bsel, wdsel, wr, asel} <= {32'h00000040, 32'h00441020, 32'h0000000a, 1'b0, 32'hxxxxxxxx, 32'h00000003, 1'b1, 5'b0xx01, 1'b0, 32'h00000007, 32'h00000003, 32'h0000000a, 5'h02, 32'h0000000a, 32'h00001020, 32'h00000007, 32'h00000003, 2'b00, 2'b00, 1'b1, 1'b0, 2'b01, 1'b0, 2'b00};
#37 {pc, instr, mem_addr, mem_wr, mem_readdata, mem_writedata, werf, alufn, Z, ReadData1, ReadData2, alu_result, reg_writeaddr, reg_writedata, signImm, aluA, aluB, pcsel, wasel, sext, bsel, wdsel, wr, asel} <= {32'h00000044, 32'h2042ffff, 32'h00000009, 1'b0, 32'hxxxxxxxx, 32'h0000000a, 1'b1, 5'b0xx01, 1'b0, 32'h0000000a, 32'h0000000a, 32'h00000009, 5'h02, 32'h00000009, 32'hffffffff, 32'h0000000a, 32'hffffffff, 2'b00, 2'b01, 1'b1, 1'b1, 2'b01, 1'b0, 2'b00};
#38 {pc, instr, mem_addr, mem_wr, mem_readdata, mem_writedata, werf, alufn, Z, ReadData1, ReadData2, alu_result, reg_writeaddr, reg_writedata, signImm, aluA, aluB, pcsel, wasel, sext, bsel, wdsel, wr, asel} <= {32'h00000048, 32'h8fbf0004, 32'h00000038, 1'b0, 32'h0000000c, 32'h00000038, 1'b1, 5'b0xx01, 1'b0, 32'h00000034, 32'h00000038, 32'h00000038, 5'h1f, 32'h0000000c, 32'h00000004, 32'h00000034, 32'h00000004, 2'b00, 2'b01, 1'b1, 1'b1, 2'b10, 1'b0, 2'b00};
#39 {pc, instr, mem_addr, mem_wr, mem_readdata, mem_writedata, werf, alufn, Z, ReadData1, ReadData2, alu_result, reg_writeaddr, reg_writedata, signImm, aluA, aluB, pcsel, wasel, sext, bsel, wdsel, wr, asel} <= {32'h0000004c, 32'h23bd0008, 32'h0000003c, 1'b0, 32'hxxxxxxxx, 32'h00000034, 1'b1, 5'b0xx01, 1'b0, 32'h00000034, 32'h00000034, 32'h0000003c, 5'h1d, 32'h0000003c, 32'h00000008, 32'h00000034, 32'h00000008, 2'b00, 2'b01, 1'b1, 1'b1, 2'b01, 1'b0, 2'b00};
#40 {pc, instr, mem_addr, mem_wr, mem_readdata, mem_writedata, werf, alufn, Z, ReadData1, ReadData2, alu_result, reg_writeaddr, reg_writedata, signImm, aluA, aluB, pcsel, wasel, sext, bsel, wdsel, wr, asel} <= {32'h00000050, 32'h03e00008, 32'h00000008, 1'b0, 32'hxxxxxxxx, 32'h00000000, 1'b0, 5'bx0000, 1'b0, 32'h0000000c, 32'h00000000, 32'h00000008, 5'hxx, 32'hxxxxxxxx, 32'h00000008, 32'h0000000c, 32'h00000008, 2'b11, 2'bxx, 1'b1, 1'b1, 2'bxx, 1'b0, 2'b00};
#41 {pc, instr, mem_addr, mem_wr, mem_readdata, mem_writedata, werf, alufn, Z, ReadData1, ReadData2, alu_result, reg_writeaddr, reg_writedata, signImm, aluA, aluB, pcsel, wasel, sext, bsel, wdsel, wr, asel} <= {32'h0000000c, 32'hac020000, 32'h00000000, 1'b1, 32'h00000000, 32'h00000009, 1'b0, 5'b0xx01, 1'b1, 32'h00000000, 32'h00000009, 32'h00000000, 5'hxx, 32'h000000X0, 32'h00000000, 32'h00000000, 32'h00000000, 2'b00, 2'bxx, 1'b1, 1'b1, 2'bxx, 1'b1, 2'b00};
#42 {pc, instr, mem_addr, mem_wr, mem_readdata, mem_writedata, werf, alufn, Z, ReadData1, ReadData2, alu_result, reg_writeaddr, reg_writedata, signImm, aluA, aluB, pcsel, wasel, sext, bsel, wdsel, wr, asel} <= {32'h00000010, 32'h08000004, 32'h00000000, 1'b0, 32'h00000009, 32'h00000000, 1'b0, 5'bx0000, 1'b1, 32'h00000000, 32'h00000000, 32'h00000000, 5'h1f, 32'h00000014, 32'h00000004, 32'h000000X0, 32'h0000000X, 2'b10, 2'b10, 1'bx, 1'bx, 2'b00, 1'b0, 2'bxx};
$finish called at time : 50 ns : File "C:/Comp541Projects/Lab10/Lab10.srcs/sim_1/new/Lab10_test_sqr.v" Line 84
INFO: [USF-XSim-96] XSim completed. Design snapshot 'mips_test_sqr_behav' loaded.
INFO: [USF-XSim-97] XSim simulation ran for 1000ns
launch_simulation: Time (s): cpu = 00:00:07 ; elapsed = 00:00:18 . Memory (MB): peak = 718.574 ; gain = 16.504
close_sim
INFO: [Simtcl 6-16] Simulation closed
close_sim: Time (s): cpu = 00:00:02 ; elapsed = 00:00:08 . Memory (MB): peak = 734.344 ; gain = 0.000
exit
INFO: [Common 17-206] Exiting Vivado at Mon Apr 06 11:36:19 2015...
