#-----------------------------------------------------------
# Vivado v2014.4 (64-bit)
# SW Build 1071353 on Tue Nov 18 18:24:04 MST 2014
# IP Build 1070531 on Tue Nov 18 01:10:18 MST 2014
# Start of session at: Mon Mar 16 10:41:49 2015
# Process ID: 18608
# Log file: C:/Users/Dowon Cha/OneDrive/Comp 541 Projects/Lab 8/vivado.log
# Journal file: C:/Users/Dowon Cha/OneDrive/Comp 541 Projects/Lab 8\vivado.jou
#-----------------------------------------------------------
start_gui
open_project {C:/Users/Dowon Cha/OneDrive/Comp 541 Projects/Lab 8/Lab 8.xpr}
CRITICAL WARNING: [Project 1-19] Could not find the file 'C:/Users/Dowon Cha/OneDrive/Comp 541 Projects/Lab 8/Lab 8.srcs/sources_1/new/memdemo.sv'.
Scanning sources...
Finished scanning sources
INFO: [IP_Flow 19-234] Refreshing IP repositories
INFO: [IP_Flow 19-1704] No user IP repositories specified
INFO: [IP_Flow 19-2313] Loaded Vivado IP repository 'C:/Xilinx/Vivado/2014.4/data/ip'.
INFO: [Common 17-41] Interrupt caught. Command should exit soon.
INFO: [Common 17-344] 'open_project' was cancelled
update_compile_order -fileset sources_1
update_compile_order -fileset sources_1
update_compile_order -fileset sim_1
exit
INFO: [Common 17-206] Exiting Vivado at Mon Mar 16 10:42:07 2015...
